2025-03-05 11:34:34 INFO  Utils:112 - [TestNG] Running:
  C:\Users\Pradeep\eclipse-workspace\OpenCart1.21v\master.xml

2025-03-05 11:46:02 INFO  Utils:112 - [TestNG] Running:
  C:\Users\Pradeep\eclipse-workspace\OpenCart1.21v\master.xml

2025-03-05 11:49:38 INFO  TC_001_AccountRegistrationTest:15 - ***** Starting TC001_AccountRegistrationTest  ****
2025-03-05 11:49:40 INFO  TC_001_AccountRegistrationTest:21 - Clicked on MyAccount Link.. 
2025-03-05 11:49:51 INFO  TC_001_AccountRegistrationTest:24 - Clicked on Register Link.. 
2025-03-05 11:49:51 INFO  TC_001_AccountRegistrationTest:28 - Providing customer details...
2025-03-05 11:50:02 INFO  TC_001_AccountRegistrationTest:43 - Validating expected message..
2025-03-05 11:50:12 INFO  TC_001_AccountRegistrationTest:47 - Test passed
2025-03-05 11:50:12 INFO  TC_001_AccountRegistrationTest:56 - ***** Finished TC001_AccountRegistrationTest *****
2025-03-05 11:50:45 INFO  TC_002_LoginTest:17 - **** Starting TC_002_LoginTest  ****
2025-03-05 11:50:46 INFO  TC_002_LoginTest:24 - clicked on myaccount link on the home page..
2025-03-05 11:50:50 INFO  TC_002_LoginTest:26 - clicked on login link under myaccount..
2025-03-05 11:50:50 INFO  TC_002_LoginTest:30 - Entering valid email and password..
2025-03-05 11:50:51 INFO  TC_002_LoginTest:34 - clicked on ligin button..
2025-03-05 11:50:54 INFO  TC_002_LoginTest:48 - **** Finished TC_002_LoginTest  ****
2025-03-05 12:28:27 INFO  TC_001_AccountRegistrationTest:15 - ***** Starting TC001_AccountRegistrationTest  ****
2025-03-05 12:28:32 INFO  TC_001_AccountRegistrationTest:21 - Clicked on MyAccount Link.. 
2025-03-05 12:28:37 INFO  TC_001_AccountRegistrationTest:24 - Clicked on Register Link.. 
2025-03-05 12:28:37 INFO  TC_001_AccountRegistrationTest:28 - Providing customer details...
2025-03-05 12:28:47 INFO  TC_001_AccountRegistrationTest:43 - Validating expected message..
2025-03-05 12:28:54 INFO  TC_001_AccountRegistrationTest:47 - Test passed
2025-03-05 12:28:54 INFO  TC_001_AccountRegistrationTest:56 - ***** Finished TC001_AccountRegistrationTest *****
2025-03-05 12:29:24 INFO  TC_002_LoginTest:17 - **** Starting TC_002_LoginTest  ****
2025-03-05 12:29:24 INFO  TC_002_LoginTest:24 - clicked on myaccount link on the home page..
2025-03-05 12:29:29 INFO  TC_002_LoginTest:26 - clicked on login link under myaccount..
2025-03-05 12:29:29 INFO  TC_002_LoginTest:30 - Entering valid email and password..
2025-03-05 12:29:30 INFO  TC_002_LoginTest:34 - clicked on ligin button..
2025-03-05 12:29:36 INFO  TC_002_LoginTest:48 - **** Finished TC_002_LoginTest  ****
2025-03-05 13:08:55 INFO  TC_001_AccountRegistrationTest:15 - ***** Starting TC001_AccountRegistrationTest  ****
2025-03-05 13:08:56 INFO  TC_001_AccountRegistrationTest:21 - Clicked on MyAccount Link.. 
2025-03-05 13:09:01 INFO  TC_001_AccountRegistrationTest:24 - Clicked on Register Link.. 
2025-03-05 13:09:01 INFO  TC_001_AccountRegistrationTest:28 - Providing customer details...
2025-03-05 13:09:03 INFO  TC_001_AccountRegistrationTest:43 - Validating expected message..
2025-03-05 13:09:08 INFO  TC_001_AccountRegistrationTest:47 - Test passed
2025-03-05 13:09:08 INFO  TC_001_AccountRegistrationTest:56 - ***** Finished TC001_AccountRegistrationTest *****
2025-03-05 13:09:22 INFO  TC_002_LoginTest:17 - **** Starting TC_002_LoginTest  ****
2025-03-05 13:09:22 INFO  TC_002_LoginTest:24 - clicked on myaccount link on the home page..
2025-03-05 13:09:25 INFO  TC_002_LoginTest:26 - clicked on login link under myaccount..
2025-03-05 13:09:25 INFO  TC_002_LoginTest:30 - Entering valid email and password..
2025-03-05 13:09:27 INFO  TC_002_LoginTest:34 - clicked on ligin button..
2025-03-05 13:09:31 INFO  TC_002_LoginTest:48 - **** Finished TC_002_LoginTest  ****
2025-03-05 13:42:55 INFO  TC_001_AccountRegistrationTest:15 - ***** Starting TC001_AccountRegistrationTest  ****
2025-03-05 13:42:58 INFO  TC_001_AccountRegistrationTest:21 - Clicked on MyAccount Link.. 
2025-03-05 13:43:04 INFO  TC_001_AccountRegistrationTest:24 - Clicked on Register Link.. 
2025-03-05 13:43:04 INFO  TC_001_AccountRegistrationTest:28 - Providing customer details...
2025-03-05 13:43:14 INFO  TC_001_AccountRegistrationTest:43 - Validating expected message..
2025-03-05 13:43:18 INFO  TC_001_AccountRegistrationTest:47 - Test passed
2025-03-05 13:43:18 INFO  TC_001_AccountRegistrationTest:56 - ***** Finished TC001_AccountRegistrationTest *****
2025-03-05 13:43:54 INFO  TC_002_LoginTest:17 - **** Starting TC_002_LoginTest  ****
2025-03-05 13:43:55 INFO  TC_002_LoginTest:24 - clicked on myaccount link on the home page..
2025-03-05 13:43:59 INFO  TC_002_LoginTest:26 - clicked on login link under myaccount..
2025-03-05 13:43:59 INFO  TC_002_LoginTest:30 - Entering valid email and password..
2025-03-05 13:44:03 INFO  TC_002_LoginTest:34 - clicked on ligin button..
2025-03-05 13:44:06 INFO  TC_002_LoginTest:48 - **** Finished TC_002_LoginTest  ****
